WARNING: A terminally deprecated method in sun.misc.Unsafe has been called
WARNING: sun.misc.Unsafe::staticFieldBase has been called by com.google.inject.internal.aop.HiddenClassDefiner (file:/opt/homebrew/Cellar/maven/3.9.10/libexec/lib/guice-5.1.0-classes.jar)
WARNING: Please consider reporting this to the maintainers of class com.google.inject.internal.aop.HiddenClassDefiner
WARNING: sun.misc.Unsafe::staticFieldBase will be removed in a future release
[INFO] Scanning for projects...
[INFO] 
[INFO] ---------------------< com.sid:rick-morty-service >---------------------
[INFO] Building rick-morty-service 0.0.1-SNAPSHOT
[INFO]   from pom.xml
[INFO] --------------------------------[ jar ]---------------------------------
[INFO] 
[INFO] >>> spring-boot:3.3.3:run (default-cli) > test-compile @ rick-morty-service >>>
[INFO] 
[INFO] --- resources:3.3.1:resources (default-resources) @ rick-morty-service ---
[INFO] Copying 1 resource from src/main/resources to target/classes
[INFO] Copying 2 resources from src/main/resources to target/classes
[INFO] 
[INFO] --- compiler:3.13.0:compile (default-compile) @ rick-morty-service ---
[INFO] Nothing to compile - all classes are up to date.
[INFO] 
[INFO] --- resources:3.3.1:testResources (default-testResources) @ rick-morty-service ---
[INFO] skip non existing resourceDirectory /Users/sid/Downloads/rick-morty-service/src/test/resources
[INFO] 
[INFO] --- compiler:3.13.0:testCompile (default-testCompile) @ rick-morty-service ---
[INFO] No sources to compile
[INFO] 
[INFO] <<< spring-boot:3.3.3:run (default-cli) < test-compile @ rick-morty-service <<<
[INFO] 
[INFO] 
[INFO] --- spring-boot:3.3.3:run (default-cli) @ rick-morty-service ---
[INFO] Attaching agents: []
2025-11-18T03:27:39.952+05:30  INFO 31347 --- [rick-morty-service] [           main] c.s.r.RickMortyServiceApplication        : Starting RickMortyServiceApplication using Java 24.0.1 with PID 31347 (/Users/sid/Downloads/rick-morty-service/target/classes started by sid in /Users/sid/Downloads/rick-morty-service)
2025-11-18T03:27:39.956+05:30  INFO 31347 --- [rick-morty-service] [           main] c.s.r.RickMortyServiceApplication        : No active profile set, falling back to 1 default profile: "default"
2025-11-18T03:27:40.648+05:30  INFO 31347 --- [rick-morty-service] [           main] .s.d.r.c.RepositoryConfigurationDelegate : Bootstrapping Spring Data JDBC repositories in DEFAULT mode.
2025-11-18T03:27:40.741+05:30  INFO 31347 --- [rick-morty-service] [           main] .s.d.r.c.RepositoryConfigurationDelegate : Finished Spring Data repository scanning in 91 ms. Found 5 JDBC repository interfaces.
WARNING: A restricted method in java.lang.System has been called
WARNING: java.lang.System::load has been called by org.apache.tomcat.jni.Library in an unnamed module (file:/Users/sid/.m2/repository/org/apache/tomcat/embed/tomcat-embed-core/10.1.28/tomcat-embed-core-10.1.28.jar)
WARNING: Use --enable-native-access=ALL-UNNAMED to avoid a warning for callers in this module
WARNING: Restricted methods will be blocked in a future release unless native access is enabled

2025-11-18T03:27:41.088+05:30  INFO 31347 --- [rick-morty-service] [           main] o.s.b.w.embedded.tomcat.TomcatWebServer  : Tomcat initialized with port 8080 (http)
2025-11-18T03:27:41.099+05:30  INFO 31347 --- [rick-morty-service] [           main] o.apache.catalina.core.StandardService   : Starting service [Tomcat]
2025-11-18T03:27:41.099+05:30  INFO 31347 --- [rick-morty-service] [           main] o.apache.catalina.core.StandardEngine    : Starting Servlet engine: [Apache Tomcat/10.1.28]
2025-11-18T03:27:41.128+05:30  INFO 31347 --- [rick-morty-service] [           main] o.a.c.c.C.[Tomcat].[localhost].[/]       : Initializing Spring embedded WebApplicationContext
2025-11-18T03:27:41.129+05:30  INFO 31347 --- [rick-morty-service] [           main] w.s.c.ServletWebServerApplicationContext : Root WebApplicationContext: initialization completed in 1131 ms
WARNING: A terminally deprecated method in sun.misc.Unsafe has been called
WARNING: sun.misc.Unsafe::allocateMemory has been called by io.netty.util.internal.PlatformDependent0$2 (file:/Users/sid/.m2/repository/io/netty/netty-common/4.1.112.Final/netty-common-4.1.112.Final.jar)
WARNING: Please consider reporting this to the maintainers of class io.netty.util.internal.PlatformDependent0$2
WARNING: sun.misc.Unsafe::allocateMemory will be removed in a future release
2025-11-18T03:27:41.385+05:30  INFO 31347 --- [rick-morty-service] [           main] com.zaxxer.hikari.HikariDataSource       : HikariPool-1 - Starting...
2025-11-18T03:27:41.747+05:30  INFO 31347 --- [rick-morty-service] [           main] com.zaxxer.hikari.pool.HikariPool        : HikariPool-1 - Added connection org.sqlite.jdbc4.JDBC4Connection@58c42c8c
2025-11-18T03:27:41.748+05:30  INFO 31347 --- [rick-morty-service] [           main] com.zaxxer.hikari.HikariDataSource       : HikariPool-1 - Start completed.
2025-11-18T03:27:42.360+05:30  INFO 31347 --- [rick-morty-service] [           main] o.s.b.a.e.web.EndpointLinksResolver      : Exposing 1 endpoint beneath base path '/actuator'
2025-11-18T03:27:42.426+05:30  INFO 31347 --- [rick-morty-service] [           main] o.s.b.w.embedded.tomcat.TomcatWebServer  : Tomcat started on port 8080 (http) with context path '/'
2025-11-18T03:27:42.439+05:30  INFO 31347 --- [rick-morty-service] [           main] c.s.r.RickMortyServiceApplication        : Started RickMortyServiceApplication in 2.775 seconds (process running for 3.023)
2025-11-18T03:27:42.489+05:30  INFO 31347 --- [rick-morty-service] [           main] c.s.r.runner.DataIngestionRunner         : Seeding location cache
2025-11-18T03:27:42.658+05:30 ERROR 31347 --- [rick-morty-service] [           main] i.n.r.d.DnsServerAddressStreamProviders  : Unable to load io.netty.resolver.dns.macos.MacOSDnsServerAddressStreamProvider, fallback to system defaults. This may result in incorrect DNS resolutions on MacOS. Check whether you have a dependency on 'io.netty:netty-resolver-dns-native-macos'. Use DEBUG level to see the full stack: java.lang.UnsatisfiedLinkError: failed to load the required native library
2025-11-18T03:27:44.447+05:30  INFO 31347 --- [rick-morty-service] [   scheduling-1] c.s.r.runner.DataIngestionRunner         : Scheduled refresh triggered
2025-11-18T03:27:44.448+05:30  INFO 31347 --- [rick-morty-service] [   scheduling-1] c.sid.rickmorty.service.LocationService  : refresh already in progress; skipping
2025-11-18T03:28:56.073+05:30  INFO 31347 --- [rick-morty-service] [ionShutdownHook] com.zaxxer.hikari.HikariDataSource       : HikariPool-1 - Shutdown initiated...
2025-11-18T03:28:56.078+05:30  INFO 31347 --- [rick-morty-service] [ionShutdownHook] com.zaxxer.hikari.HikariDataSource       : HikariPool-1 - Shutdown completed.
